<?xml version="1.0" encoding="UTF-8"?>
<!-- Generated by org.testng.reporters.JUnitReportReporter -->
<testsuite skipped="0" hostname="DESKTOP-P0UBFMB" name="OrangeHrmSaucelab.Test1" tests="1" failures="0" timestamp="21 Oct 2019 18:25:01 GMT" time="5.209" errors="0">
  <testcase name="check" time="5.209" classname="OrangeHrmSaucelab.Test1"/>
</testsuite> <!-- OrangeHrmSaucelab.Test1 -->
